[debug] [2022-11-26T19:35:40.373Z] ----------------------------------------------------------------------
[debug] [2022-11-26T19:35:40.375Z] Command:       C:\Program Files\nodejs\node.exe C:\Users\Andrew\AppData\Roaming\npm\node_modules\firebase-tools\lib\bin\firebase.js deploy --only hosting
[debug] [2022-11-26T19:35:40.376Z] CLI Version:   11.13.0
[debug] [2022-11-26T19:35:40.376Z] Platform:      win32
[debug] [2022-11-26T19:35:40.376Z] Node Version:  v14.18.0
[debug] [2022-11-26T19:35:40.377Z] Time:          Sat Nov 26 2022 13:35:40 GMT-0600 (Central Standard Time)
[debug] [2022-11-26T19:35:40.377Z] ----------------------------------------------------------------------
[debug] 
[debug] [2022-11-26T19:35:40.381Z] >>> [apiv2][query] GET https://firebase-public.firebaseio.com/cli.json [none]
[debug] [2022-11-26T19:35:40.489Z] > command requires scopes: ["email","openid","https://www.googleapis.com/auth/cloudplatformprojects.readonly","https://www.googleapis.com/auth/firebase","https://www.googleapis.com/auth/cloud-platform"]
[debug] [2022-11-26T19:35:40.489Z] > authorizing via signed-in user (nextnowdeveloper@gmail.com)
[debug] [2022-11-26T19:35:40.489Z] [iam] checking project adkaros-site for permissions ["firebase.projects.get","firebasehosting.sites.update"]
[debug] [2022-11-26T19:35:40.491Z] > refreshing access token with scopes: []
[debug] [2022-11-26T19:35:40.492Z] >>> [apiv2][query] POST https://www.googleapis.com/oauth2/v3/token [none]
[debug] [2022-11-26T19:35:40.492Z] >>> [apiv2][body] POST https://www.googleapis.com/oauth2/v3/token [omitted]
[debug] [2022-11-26T19:35:40.576Z] <<< [apiv2][status] GET https://firebase-public.firebaseio.com/cli.json 200
[debug] [2022-11-26T19:35:40.576Z] <<< [apiv2][body] GET https://firebase-public.firebaseio.com/cli.json {"cloudBuildErrorAfter":1594252800000,"cloudBuildWarnAfter":1590019200000,"defaultNode10After":1594252800000,"minVersion":"3.0.5","node8DeploysDisabledAfter":1613390400000,"node8RuntimeDisabledAfter":1615809600000,"node8WarnAfter":1600128000000}
[debug] [2022-11-26T19:35:40.632Z] <<< [apiv2][status] POST https://www.googleapis.com/oauth2/v3/token 200
[debug] [2022-11-26T19:35:40.632Z] <<< [apiv2][body] POST https://www.googleapis.com/oauth2/v3/token [omitted]
[debug] [2022-11-26T19:35:40.643Z] >>> [apiv2][query] POST https://cloudresourcemanager.googleapis.com/v1/projects/adkaros-site:testIamPermissions [none]
[debug] [2022-11-26T19:35:40.643Z] >>> [apiv2][(partial)header] POST https://cloudresourcemanager.googleapis.com/v1/projects/adkaros-site:testIamPermissions x-goog-quota-user=projects/adkaros-site
[debug] [2022-11-26T19:35:40.643Z] >>> [apiv2][body] POST https://cloudresourcemanager.googleapis.com/v1/projects/adkaros-site:testIamPermissions {"permissions":["firebase.projects.get","firebasehosting.sites.update"]}
[debug] [2022-11-26T19:35:40.872Z] <<< [apiv2][status] POST https://cloudresourcemanager.googleapis.com/v1/projects/adkaros-site:testIamPermissions 200
[debug] [2022-11-26T19:35:40.872Z] <<< [apiv2][body] POST https://cloudresourcemanager.googleapis.com/v1/projects/adkaros-site:testIamPermissions {}
[debug] [2022-11-26T19:35:40.873Z] [iam] error while checking permissions, command may fail: FirebaseError: Authorization failed. This account is missing the following required permissions on project adkaros-site:

  firebase.projects.get
  firebasehosting.sites.update
[debug] [2022-11-26T19:35:40.874Z] >>> [apiv2][query] GET https://firebase.googleapis.com/v1beta1/projects/adkaros-site [none]
[debug] [2022-11-26T19:35:41.072Z] <<< [apiv2][status] GET https://firebase.googleapis.com/v1beta1/projects/adkaros-site 403
[debug] [2022-11-26T19:35:41.072Z] <<< [apiv2][body] GET https://firebase.googleapis.com/v1beta1/projects/adkaros-site {"error":{"code":403,"message":"The caller does not have permission","status":"PERMISSION_DENIED"}}
[debug] [2022-11-26T19:35:41.073Z] HTTP Error: 403, The caller does not have permission
[debug] [2022-11-26T19:35:41.074Z] FirebaseError: HTTP Error: 403, The caller does not have permission
    at responseToError (C:\Users\Andrew\AppData\Roaming\npm\node_modules\firebase-tools\lib\responseToError.js:49:12)
    at RetryOperation._fn (C:\Users\Andrew\AppData\Roaming\npm\node_modules\firebase-tools\lib\apiv2.js:288:77)
    at processTicksAndRejections (internal/process/task_queues.js:95:5)
[error] 
[error] Error: Failed to get Firebase project adkaros-site. Please make sure the project exists and your account has permission to access it.
